<?xml version="1.0" encoding="UTF-8"?>
<!-- Generated by org.testng.reporters.JUnitReportReporter -->
<testsuite hostname="Anupam-PC" failures="0" tests="1" name="collation.Defender.LoginTest" time="48.598" errors="0" timestamp="2024-11-26T10:58:29 IST" skipped="0">
  <testcase classname="collation.Defender.LoginTest" name="Loginpage" time="48.598"/>
  <system-out/>
</testsuite> <!-- collation.Defender.LoginTest -->
