<?xml version="1.0" encoding="UTF-8"?>
<!-- Generated by org.testng.reporters.JUnitReportReporter -->
<testsuite hostname="Anupam-PC" failures="0" tests="1" name="collation.Defender.Tetsting" time="57.135" errors="0" timestamp="2024-11-20T13:30:54 IST" skipped="0">
  <testcase classname="collation.Defender.Tetsting" name="test" time="57.135"/>
  <system-out/>
</testsuite> <!-- collation.Defender.Tetsting -->
