<?xml version="1.0" encoding="UTF-8"?>
<!-- Generated by org.testng.reporters.JUnitReportReporter -->
<testsuite hostname="Anupam-PC" failures="0" tests="1" name="collation.Organization.OrgTelecomTest" time="53.818" errors="0" timestamp="2024-12-17T12:11:31 IST" skipped="0">
  <testcase classname="collation.Organization.OrgTelecomTest" name="Telecomcreate" time="53.818"/>
  <system-out/>
</testsuite> <!-- collation.Organization.OrgTelecomTest -->
