<?xml version="1.0" encoding="UTF-8"?>
<!-- Generated by org.testng.reporters.JUnitReportReporter -->
<testsuite hostname="Anupam-PC" failures="0" tests="1" name="collation.Event.CRUDoperation" time="301.176" errors="0" timestamp="2025-06-27T16:36:57 IST" skipped="0">
  <testcase classname="collation.Event.CRUDoperation" name="Eventmastercreate" time="301.176"/>
  <system-out/>
</testsuite> <!-- collation.Event.CRUDoperation -->
