<?xml version="1.0" encoding="UTF-8"?>
<!-- Generated by org.testng.reporters.JUnitReportReporter -->
<testsuite hostname="Anupam-PC" failures="0" tests="1" name="collation.Defender.CRUDoperation" time="469.704" errors="0" timestamp="2024-11-27T17:23:28 IST" skipped="0">
  <testcase classname="collation.Defender.CRUDoperation" name="Eventmastercreate" time="469.704"/>
  <system-out/>
</testsuite> <!-- collation.Defender.CRUDoperation -->
