<?xml version="1.0" encoding="UTF-8"?>
<!-- Generated by org.testng.reporters.JUnitReportReporter -->
<testsuite hostname="Anupam-PC" failures="0" tests="1" name="collation.Organization.OrgSocialMediaTest" time="55.064" errors="0" timestamp="2024-12-17T12:57:06 IST" skipped="0">
  <testcase classname="collation.Organization.OrgSocialMediaTest" name="SocialMediacreate" time="55.064"/>
  <system-out/>
</testsuite> <!-- collation.Organization.OrgSocialMediaTest -->
