<?xml version="1.0" encoding="UTF-8"?>
<!-- Generated by org.testng.reporters.JUnitReportReporter -->
<testsuite hostname="Anupam-PC" failures="0" tests="1" name="collation.Defender.EventMasterRelatedEventsTest" time="70.948" errors="0" timestamp="2024-11-20T14:04:16 IST" skipped="0">
  <testcase classname="collation.Defender.EventMasterRelatedEventsTest" name="RelatedEvents" time="70.948"/>
  <system-out/>
</testsuite> <!-- collation.Defender.EventMasterRelatedEventsTest -->
