<?xml version="1.0" encoding="UTF-8"?>
<!-- Generated by org.testng.reporters.JUnitReportReporter -->
<testsuite hostname="Anupam-PC" failures="0" tests="1" name="collation.Organization.CRUDOPERATION" time="163.257" errors="0" timestamp="2025-06-27T16:28:48 IST" skipped="0">
  <testcase classname="collation.Organization.CRUDOPERATION" name="CRUDOPERATIONcreate" time="163.257"/>
  <system-out/>
</testsuite> <!-- collation.Organization.CRUDOPERATION -->
