<?xml version="1.0" encoding="UTF-8"?>
<!-- Generated by org.testng.reporters.JUnitReportReporter -->
<testsuite hostname="Anupam-PC" failures="0" tests="1" name="collation.Organization.OrgReferencesTest" time="62.179" errors="0" timestamp="2024-12-17T17:55:28 IST" skipped="0">
  <testcase classname="collation.Organization.OrgReferencesTest" name="Referencescreate" time="62.179"/>
  <system-out/>
</testsuite> <!-- collation.Organization.OrgReferencesTest -->
