<?xml version="1.0" encoding="UTF-8"?>
<!-- Generated by org.testng.reporters.JUnitReportReporter -->
<testsuite hostname="Anupam-PC" failures="0" tests="1" name="collation.Individual.TelecomTest" time="39.245" errors="0" timestamp="2024-12-06T16:11:20 IST" skipped="0">
  <testcase classname="collation.Individual.TelecomTest" name="Telecomcreate" time="39.245"/>
  <system-out/>
</testsuite> <!-- collation.Individual.TelecomTest -->
