<?xml version="1.0" encoding="UTF-8"?>
<!-- Generated by org.testng.reporters.JUnitReportReporter -->
<testsuite hostname="Anupam-PC" failures="0" tests="1" name="collation.Individual.FinanceTest" time="35.997" errors="0" timestamp="2024-12-06T18:05:20 IST" skipped="0">
  <testcase classname="collation.Individual.FinanceTest" name="Financecreate" time="35.997"/>
  <system-out/>
</testsuite> <!-- collation.Individual.FinanceTest -->
