<?xml version="1.0" encoding="UTF-8"?>
<!-- Generated by org.testng.reporters.JUnitReportReporter -->
<testsuite hostname="Anupam-PC" failures="0" tests="1" name="collation.Defender.EventMasterLocationsTest" time="84.316" errors="0" timestamp="2024-11-26T16:18:44 IST" skipped="0">
  <testcase classname="collation.Defender.EventMasterLocationsTest" name="EventMasterLocation" time="84.316"/>
  <system-out/>
</testsuite> <!-- collation.Defender.EventMasterLocationsTest -->
