<?xml version="1.0" encoding="UTF-8"?>
<!-- Generated by org.testng.reporters.JUnitReportReporter -->
<testsuite hostname="Anupam-PC" failures="0" tests="1" name="collation.Defender.EventMasterOrganizationsTest" time="74.110" errors="0" timestamp="2024-11-27T13:23:10 IST" skipped="0">
  <testcase classname="collation.Defender.EventMasterOrganizationsTest" name="Eveorganizations" time="74.110"/>
  <system-out/>
</testsuite> <!-- collation.Defender.EventMasterOrganizationsTest -->
