<?xml version="1.0" encoding="UTF-8"?>
<!-- Generated by org.testng.reporters.JUnitReportReporter -->
<testsuite hostname="Anupam-PC" failures="0" tests="1" name="collation.Asset.AssetReferencesTest" time="42.249" errors="0" timestamp="2024-12-27T12:36:58 IST" skipped="0">
  <testcase classname="collation.Asset.AssetReferencesTest" name="AssetCreateExecution" time="42.249"/>
  <system-out/>
</testsuite> <!-- collation.Asset.AssetReferencesTest -->
