<?xml version="1.0" encoding="UTF-8"?>
<!-- Generated by org.testng.reporters.JUnitReportReporter -->
<testsuite hostname="Anupam-PC" failures="0" tests="1" name="collation.Defender.EvenMasterTest" time="158.219" errors="0" timestamp="2024-11-26T18:16:32 IST" skipped="0">
  <testcase classname="collation.Defender.EvenMasterTest" name="Eventmastercreate" time="158.219"/>
  <system-out/>
</testsuite> <!-- collation.Defender.EvenMasterTest -->
