<?xml version="1.0" encoding="UTF-8"?>
<!-- Generated by org.testng.reporters.JUnitReportReporter -->
<testsuite hostname="Anupam-PC" failures="0" tests="1" name="Utilities.Defender.Query.OrganizationQueryTest" time="62.520" errors="0" timestamp="2025-06-25T17:29:52 IST" skipped="0">
  <testcase classname="Utilities.Defender.Query.OrganizationQueryTest" name="AppearanceExecution" time="62.520"/>
  <system-out/>
</testsuite> <!-- Utilities.Defender.Query.OrganizationQueryTest -->
