<?xml version="1.0" encoding="UTF-8"?>
<!-- Generated by org.testng.reporters.JUnitReportReporter -->
<testsuite hostname="Anupam-PC" failures="0" tests="1" name="collation.Individual.OrganizationsTest" time="38.827" errors="0" timestamp="2024-12-06T19:15:40 IST" skipped="0">
  <testcase classname="collation.Individual.OrganizationsTest" name="Organizationscreate" time="38.827"/>
  <system-out/>
</testsuite> <!-- collation.Individual.OrganizationsTest -->
