<?xml version="1.0" encoding="UTF-8"?>
<!-- Generated by org.testng.reporters.JUnitReportReporter -->
<testsuite hostname="Anupam-PC" failures="0" tests="1" name="collation.Organization.OrgMediaTest" time="55.409" errors="0" timestamp="2024-12-17T20:28:38 IST" skipped="0">
  <testcase classname="collation.Organization.OrgMediaTest" name="Organizationscreate" time="55.409"/>
  <system-out/>
</testsuite> <!-- collation.Organization.OrgMediaTest -->
