<?xml version="1.0" encoding="UTF-8"?>
<!-- Generated by org.testng.reporters.JUnitReportReporter -->
<testsuite hostname="Anupam-PC" failures="0" tests="1" name="collation.Individual.AssociatesTest" time="37.123" errors="0" timestamp="2024-12-06T18:35:38 IST" skipped="0">
  <testcase classname="collation.Individual.AssociatesTest" name="Associatescreate" time="37.123"/>
  <system-out/>
</testsuite> <!-- collation.Individual.AssociatesTest -->
