<?xml version="1.0" encoding="UTF-8"?>
<!-- Generated by org.testng.reporters.JUnitReportReporter -->
<testsuite hostname="Anupam-PC" failures="0" tests="1" name="collation.Organization.OrgEventsTest" time="69.228" errors="0" timestamp="2024-12-17T20:15:25 IST" skipped="0">
  <testcase classname="collation.Organization.OrgEventsTest" name="Eventscreate" time="69.228"/>
  <system-out/>
</testsuite> <!-- collation.Organization.OrgEventsTest -->
