<?xml version="1.0" encoding="UTF-8"?>
<!-- Generated by org.testng.reporters.JUnitReportReporter -->
<testsuite hostname="Anupam-PC" failures="0" tests="1" name="collation.Individual.SocialTest" time="38.603" errors="0" timestamp="2024-12-06T16:22:26 IST" skipped="0">
  <testcase classname="collation.Individual.SocialTest" name="SocialMediacreate" time="38.603"/>
  <system-out/>
</testsuite> <!-- collation.Individual.SocialTest -->
