<?xml version="1.0" encoding="UTF-8"?>
<!-- Generated by org.testng.reporters.JUnitReportReporter -->
<testsuite hostname="Anupam-PC" failures="0" tests="1" name="collation.Organization.OrgFinanceTest" time="55.240" errors="0" timestamp="2024-12-17T18:01:42 IST" skipped="0">
  <testcase classname="collation.Organization.OrgFinanceTest" name="Organizationscreate" time="55.240"/>
  <system-out/>
</testsuite> <!-- collation.Organization.OrgFinanceTest -->
