<?xml version="1.0" encoding="UTF-8"?>
<!-- Generated by org.testng.reporters.JUnitReportReporter -->
<testsuite hostname="Anupam-PC" failures="0" tests="1" name="collation.Asset.AssetSpecificationTest" time="38.490" errors="0" timestamp="2024-12-27T11:59:22 IST" skipped="0">
  <testcase classname="collation.Asset.AssetSpecificationTest" name="AssetSpecificationExecution" time="38.490"/>
  <system-out/>
</testsuite> <!-- collation.Asset.AssetSpecificationTest -->
