<?xml version="1.0" encoding="UTF-8"?>
<!-- Generated by org.testng.reporters.JUnitReportReporter -->
<testsuite hostname="Anupam-PC" failures="0" tests="1" name="collation.Organization.OrgAssetsTest" time="52.587" errors="0" timestamp="2024-12-17T20:35:54 IST" skipped="0">
  <testcase classname="collation.Organization.OrgAssetsTest" name="Mediacreate" time="52.587"/>
  <system-out/>
</testsuite> <!-- collation.Organization.OrgAssetsTest -->
