<?xml version="1.0" encoding="UTF-8"?>
<!-- Generated by org.testng.reporters.JUnitReportReporter -->
<testsuite hostname="Anupam-PC" failures="0" tests="1" name="collation.Individual.AppearanceTest" time="37.186" errors="0" timestamp="2025-01-03T19:07:26 IST" skipped="0">
  <testcase classname="collation.Individual.AppearanceTest" name="AppearanceExecution" time="37.186"/>
  <system-out/>
</testsuite> <!-- collation.Individual.AppearanceTest -->
