<?xml version="1.0" encoding="UTF-8"?>
<!-- Generated by org.testng.reporters.JUnitReportReporter -->
<testsuite hostname="Anupam-PC" failures="0" tests="1" name="collation.Organization.OrganizationTest" time="116.872" errors="0" timestamp="2024-12-26T20:41:53 IST" skipped="0">
  <testcase classname="collation.Organization.OrganizationTest" name="Organizationcreate" time="116.872"/>
  <system-out/>
</testsuite> <!-- collation.Organization.OrganizationTest -->
