<?xml version="1.0" encoding="UTF-8"?>
<!-- Generated by org.testng.reporters.JUnitReportReporter -->
<testsuite hostname="Anupam-PC" failures="0" tests="1" name="collation.Individual.ReferencesTest" time="35.612" errors="0" timestamp="2024-12-06T17:12:00 IST" skipped="0">
  <testcase classname="collation.Individual.ReferencesTest" name="Referencescreate" time="35.612"/>
  <system-out/>
</testsuite> <!-- collation.Individual.ReferencesTest -->
