<?xml version="1.0" encoding="UTF-8"?>
<!-- Generated by org.testng.reporters.JUnitReportReporter -->
<testsuite hostname="Anupam-PC" failures="0" tests="1" name="collation.Individual.MediaTest" time="35.015" errors="0" timestamp="2024-12-06T19:41:07 IST" skipped="0">
  <testcase classname="collation.Individual.MediaTest" name="Mediacreate" time="35.015"/>
  <system-out/>
</testsuite> <!-- collation.Individual.MediaTest -->
