<?xml version="1.0" encoding="UTF-8"?>
<!-- Generated by org.testng.reporters.JUnitReportReporter -->
<testsuite hostname="Anupam-PC" failures="0" tests="1" name="collation.Asset.AssetCreateTest" time="75.545" errors="0" timestamp="2024-12-26T20:56:56 IST" skipped="0">
  <testcase classname="collation.Asset.AssetCreateTest" name="AssetCreateExecution" time="75.545"/>
  <system-out/>
</testsuite> <!-- collation.Asset.AssetCreateTest -->
