<?xml version="1.0" encoding="UTF-8"?>
<!-- Generated by org.testng.reporters.JUnitReportReporter -->
<testsuite hostname="Anupam-PC" failures="0" tests="1" name="collation.Organization.OrgArtifactsTest" time="58.707" errors="0" timestamp="2024-12-17T13:13:15 IST" skipped="0">
  <testcase classname="collation.Organization.OrgArtifactsTest" name="Artifactscreate" time="58.707"/>
  <system-out/>
</testsuite> <!-- collation.Organization.OrgArtifactsTest -->
