<?xml version="1.0" encoding="UTF-8"?>
<!-- Generated by org.testng.reporters.JUnitReportReporter -->
<testsuite hostname="Anupam-PC" failures="0" tests="1" name="collation.Organization.OrglocationTest" time="50.438" errors="0" timestamp="2024-12-17T12:01:38 IST" skipped="0">
  <testcase classname="collation.Organization.OrglocationTest" name="Locationcreate" time="50.438"/>
  <system-out/>
</testsuite> <!-- collation.Organization.OrglocationTest -->
