<?xml version="1.0" encoding="UTF-8"?>
<!-- Generated by org.testng.reporters.JUnitReportReporter -->
<testsuite hostname="Anupam-PC" failures="0" tests="1" name="collation.Defender.DashboardTest" time="30.130" errors="0" timestamp="2024-11-26T10:57:14 IST" skipped="0">
  <testcase classname="collation.Defender.DashboardTest" name="testing" time="30.130"/>
  <system-out/>
</testsuite> <!-- collation.Defender.DashboardTest -->
