<?xml version="1.0" encoding="UTF-8"?>
<!-- Generated by org.testng.reporters.JUnitReportReporter -->
<testsuite hostname="Anupam-PC" failures="0" tests="1" name="collation.Individual.AssetsTest" time="63.239" errors="0" timestamp="2024-12-10T12:49:52 IST" skipped="0">
  <testcase classname="collation.Individual.AssetsTest" name="Mediacreate" time="63.239"/>
  <system-out/>
</testsuite> <!-- collation.Individual.AssetsTest -->
