<?xml version="1.0" encoding="UTF-8"?>
<!-- Generated by org.testng.reporters.JUnitReportReporter -->
<testsuite hostname="Anupam-PC" failures="0" tests="1" name="collation.Individual.EventsTest" time="39.126" errors="0" timestamp="2024-12-06T19:29:09 IST" skipped="0">
  <testcase classname="collation.Individual.EventsTest" name="Financecreate" time="39.126"/>
  <system-out/>
</testsuite> <!-- collation.Individual.EventsTest -->
