<?xml version="1.0" encoding="UTF-8"?>
<!-- Generated by org.testng.reporters.JUnitReportReporter -->
<testsuite hostname="Anupam-PC" failures="0" tests="1" name="collation.Individual.CRUDoperation" time="75.604" errors="0" timestamp="2025-07-02T12:08:27 IST" skipped="0">
  <testcase classname="collation.Individual.CRUDoperation" name="CRUDoperations" time="75.604"/>
  <system-out/>
</testsuite> <!-- collation.Individual.CRUDoperation -->
