<?xml version="1.0" encoding="UTF-8"?>
<!-- Generated by org.testng.reporters.JUnitReportReporter -->
<testsuite hostname="Anupam-PC" failures="0" tests="1" name="collation.Individual.Individualtest" time="56.731" errors="0" timestamp="2024-12-11T18:04:35 IST" skipped="0">
  <testcase classname="collation.Individual.Individualtest" name="Individualcreate" time="56.731"/>
  <system-out/>
</testsuite> <!-- collation.Individual.Individualtest -->
