<?xml version="1.0" encoding="UTF-8"?>
<!-- Generated by org.testng.reporters.JUnitReportReporter -->
<testsuite hostname="Anupam-PC" failures="0" tests="1" name="collation.Individual.LocationTest" time="39.531" errors="0" timestamp="2024-12-06T15:53:17 IST" skipped="0">
  <testcase classname="collation.Individual.LocationTest" name="Locationcreate" time="39.531"/>
  <system-out/>
</testsuite> <!-- collation.Individual.LocationTest -->
