<?xml version="1.0" encoding="UTF-8"?>
<!-- Generated by org.testng.reporters.JUnitReportReporter -->
<testsuite hostname="Anupam-PC" failures="0" tests="1" name="collation.Event.LoginTest" time="43.117" errors="0" timestamp="2025-05-29T15:18:14 IST" skipped="0">
  <testcase classname="collation.Event.LoginTest" name="Loginpage" time="43.117"/>
  <system-out/>
</testsuite> <!-- collation.Event.LoginTest -->
