<?xml version="1.0" encoding="UTF-8"?>
<!-- Generated by org.testng.reporters.JUnitReportReporter -->
<testsuite hostname="Anupam-PC" failures="0" tests="1" name="collation.Defender.EventMasterAssetsTest" time="105.390" errors="0" timestamp="2024-11-27T12:40:47 IST" skipped="0">
  <testcase classname="collation.Defender.EventMasterAssetsTest" name="AssetsTest" time="105.390"/>
  <system-out/>
</testsuite> <!-- collation.Defender.EventMasterAssetsTest -->
