<?xml version="1.0" encoding="UTF-8"?>
<!-- Generated by org.testng.reporters.JUnitReportReporter -->
<testsuite hostname="Anupam-PC" failures="0" tests="1" name="collation.Organization.OrgAssociateOrganizationsTest" time="58.131" errors="0" timestamp="2024-12-17T18:54:32 IST" skipped="0">
  <testcase classname="collation.Organization.OrgAssociateOrganizationsTest" name="Organizationscreate" time="58.131"/>
  <system-out/>
</testsuite> <!-- collation.Organization.OrgAssociateOrganizationsTest -->
