<?xml version="1.0" encoding="UTF-8"?>
<!-- Generated by org.testng.reporters.JUnitReportReporter -->
<testsuite hostname="Anupam-PC" failures="0" tests="1" name="collation.Individual.ArtifactsTest" time="40.715" errors="0" timestamp="2024-12-06T17:10:22 IST" skipped="0">
  <testcase classname="collation.Individual.ArtifactsTest" name="Artifactscreate" time="40.715"/>
  <system-out/>
</testsuite> <!-- collation.Individual.ArtifactsTest -->
